TN:
SF:src/config.ts
FNF:0
FNH:0
DA:1,0
DA:2,0
DA:5,0
DA:8,0
DA:37,0
DA:40,0
DA:79,0
LF:7
LH:0
BRF:0
BRH:0
end_of_record
TN:
SF:src/config/index.ts
FNF:0
FNH:0
DA:1,0
DA:2,0
DA:5,0
DA:8,0
DA:56,0
DA:57,0
DA:77,0
DA:78,0
DA:79,0
DA:81,0
DA:85,0
DA:86,0
DA:87,0
DA:90,0
DA:102,0
DA:108,0
LF:16
LH:0
BRDA:77,0,0,0
BRF:1
BRH:0
end_of_record
TN:
SF:src/models/User.ts
FN:105,(anonymous_9)
FN:110,(anonymous_10)
FN:117,(anonymous_11)
FN:124,(anonymous_12)
FN:130,(anonymous_13)
FN:139,(anonymous_14)
FNF:6
FNH:0
FNDA:0,(anonymous_9)
FNDA:0,(anonymous_10)
FNDA:0,(anonymous_11)
FNDA:0,(anonymous_12)
FNDA:0,(anonymous_13)
FNDA:0,(anonymous_14)
DA:1,0
DA:2,0
DA:23,0
DA:42,0
DA:99,0
DA:102,0
DA:105,0
DA:106,0
DA:110,0
DA:111,0
DA:112,0
DA:113,0
DA:117,0
DA:118,0
DA:119,0
DA:120,0
DA:124,0
DA:125,0
DA:126,0
DA:130,0
DA:132,0
DA:133,0
DA:134,0
DA:139,0
DA:141,0
DA:142,0
DA:143,0
DA:148,0
DA:149,0
LF:29
LH:0
BRDA:133,0,0,0
BRDA:133,1,0,0
BRDA:133,1,1,0
BRDA:142,2,0,0
BRDA:142,3,0,0
BRDA:142,3,1,0
BRF:6
BRH:0
end_of_record
TN:
SF:src/utils/socketManager.ts
FN:33,(anonymous_0)
FN:42,(anonymous_1)
FN:64,(anonymous_2)
FN:74,(anonymous_3)
FN:81,(anonymous_4)
FN:89,(anonymous_5)
FN:96,(anonymous_6)
FN:99,(anonymous_7)
FN:103,(anonymous_8)
FN:108,(anonymous_9)
FN:113,(anonymous_10)
FN:118,(anonymous_11)
FN:122,(anonymous_12)
FN:127,(anonymous_13)
FN:133,(anonymous_14)
FN:139,(anonymous_15)
FN:150,(anonymous_16)
FN:174,(anonymous_17)
FN:181,(anonymous_18)
FN:201,(anonymous_19)
FN:213,(anonymous_20)
FN:233,(anonymous_21)
FN:260,(anonymous_22)
FN:264,(anonymous_23)
FN:281,(anonymous_24)
FN:284,(anonymous_25)
FN:300,(anonymous_26)
FN:316,(anonymous_27)
FN:324,(anonymous_28)
FN:328,(anonymous_29)
FN:336,(anonymous_30)
FN:352,(anonymous_31)
FN:354,(anonymous_32)
FNF:33
FNH:0
FNDA:0,(anonymous_0)
FNDA:0,(anonymous_1)
FNDA:0,(anonymous_2)
FNDA:0,(anonymous_3)
FNDA:0,(anonymous_4)
FNDA:0,(anonymous_5)
FNDA:0,(anonymous_6)
FNDA:0,(anonymous_7)
FNDA:0,(anonymous_8)
FNDA:0,(anonymous_9)
FNDA:0,(anonymous_10)
FNDA:0,(anonymous_11)
FNDA:0,(anonymous_12)
FNDA:0,(anonymous_13)
FNDA:0,(anonymous_14)
FNDA:0,(anonymous_15)
FNDA:0,(anonymous_16)
FNDA:0,(anonymous_17)
FNDA:0,(anonymous_18)
FNDA:0,(anonymous_19)
FNDA:0,(anonymous_20)
FNDA:0,(anonymous_21)
FNDA:0,(anonymous_22)
FNDA:0,(anonymous_23)
FNDA:0,(anonymous_24)
FNDA:0,(anonymous_25)
FNDA:0,(anonymous_26)
FNDA:0,(anonymous_27)
FNDA:0,(anonymous_28)
FNDA:0,(anonymous_29)
FNDA:0,(anonymous_30)
FNDA:0,(anonymous_31)
FNDA:0,(anonymous_32)
DA:2,0
DA:34,0
DA:35,0
DA:36,0
DA:43,0
DA:44,0
DA:45,0
DA:48,0
DA:57,0
DA:58,0
DA:65,0
DA:66,0
DA:68,0
DA:75,0
DA:82,0
DA:90,0
DA:97,0
DA:99,0
DA:100,0
DA:103,0
DA:104,0
DA:108,0
DA:109,0
DA:113,0
DA:114,0
DA:118,0
DA:119,0
DA:122,0
DA:123,0
DA:127,0
DA:128,0
DA:129,0
DA:133,0
DA:134,0
DA:135,0
DA:139,0
DA:140,0
DA:151,0
DA:154,0
DA:162,0
DA:165,0
DA:167,0
DA:175,0
DA:177,0
DA:178,0
DA:181,0
DA:182,0
DA:183,0
DA:184,0
DA:189,0
DA:191,0
DA:194,0
DA:202,0
DA:203,0
DA:204,0
DA:205,0
DA:214,0
DA:216,0
DA:218,0
DA:219,0
DA:222,0
DA:223,0
DA:234,0
DA:235,0
DA:238,0
DA:240,0
DA:241,0
DA:243,0
DA:247,0
DA:248,0
DA:249,0
DA:250,0
DA:253,0
DA:261,0
DA:263,0
DA:264,0
DA:265,0
DA:266,0
DA:272,0
DA:282,0
DA:284,0
DA:291,0
DA:301,0
DA:303,0
DA:304,0
DA:306,0
DA:317,0
DA:325,0
DA:327,0
DA:328,0
DA:329,0
DA:341,0
DA:342,0
DA:349,0
DA:350,0
DA:352,0
DA:353,0
DA:354,0
DA:356,0
DA:357,0
DA:363,0
DA:372,0
LF:102
LH:0
BRDA:43,0,0,0
BRDA:50,1,0,0
BRDA:50,1,1,0
BRDA:65,2,0,0
BRDA:97,3,0,0
BRDA:167,4,0,0
BRDA:167,4,1,0
BRDA:177,5,0,0
BRDA:177,6,0,0
BRDA:177,6,1,0
BRDA:182,7,0,0
BRDA:203,8,0,0
BRDA:214,9,0,0
BRDA:216,10,0,0
BRDA:216,10,1,0
BRDA:234,11,0,0
BRDA:240,12,0,0
BRDA:240,12,1,0
BRDA:248,13,0,0
BRDA:261,14,0,0
BRDA:263,15,0,0
BRDA:263,15,1,0
BRDA:268,16,0,0
BRDA:268,16,1,0
BRDA:282,17,0,0
BRDA:286,18,0,0
BRDA:286,18,1,0
BRDA:301,19,0,0
BRDA:303,20,0,0
BRDA:303,20,1,0
BRDA:325,21,0,0
BRDA:341,22,0,0
BRDA:353,23,0,0
BRDA:356,24,0,0
BRF:34
BRH:0
end_of_record
